2021-11-04 08:31:04 INFO  .:69 - The execution of method loadFiles started here ...
2021-11-04 08:31:04 INFO  .:84 - The execution of method loadFiles ended here ...
2021-11-04 08:31:07 INFO  .:86 - The execution of method navigate started here ...
2021-11-04 08:31:14 INFO  .:98 - The execution of method navigate ended here ...
2021-11-04 08:31:14 INFO  .:166 - In Test Scenario Login the method navigate execution status is :Pass
2021-11-04 08:31:15 INFO  .:32 - The execution of method login started here ...
2021-11-04 08:31:20 INFO  .:50 - The execution of method login ended here ...
2021-11-04 08:31:20 INFO  .:166 - In Test Scenario Login the method login execution status is :Pass
2021-11-04 08:31:22 INFO  .:166 - In Test Scenario Login the method minimizeFlyOutWindow execution status is :Pass
2021-11-04 08:31:22 INFO  .:76 - The execution of method logout started here ...
2021-11-04 08:31:27 INFO  .:88 - The execution of method logout ended here ...
2021-11-04 08:31:27 INFO  .:166 - In Test Scenario Login the method logout execution status is :Pass
2021-11-04 08:31:27 INFO  .:121 - The execution of method closeApplication started here ...
2021-11-04 08:31:27 INFO  .:124 - The execution of method closeApplication ended here ...
2021-11-04 08:31:27 INFO  .:166 - In Test Scenario Login the method closeApplication execution status is :Pass
2021-11-04 08:31:27 INFO  .:180 - +++++++++++++++++++++++++++++++
2021-11-04 08:31:29 INFO  .:86 - The execution of method navigate started here ...
2021-11-04 08:31:36 INFO  .:98 - The execution of method navigate ended here ...
2021-11-04 08:31:36 INFO  .:166 - In Test Scenario CreateUser the method navigate execution status is :Pass
2021-11-04 08:31:36 INFO  .:32 - The execution of method login started here ...
2021-11-04 08:31:41 INFO  .:50 - The execution of method login ended here ...
2021-11-04 08:31:41 INFO  .:166 - In Test Scenario CreateUser the method login execution status is :Pass
2021-11-04 08:31:44 INFO  .:166 - In Test Scenario CreateUser the method minimizeFlyOutWindow execution status is :Pass
2021-11-04 08:31:44 INFO  .:32 - The execution of method createUser started here ...
2021-11-04 08:31:55 INFO  .:60 - The execution of method createUser ended here ...
2021-11-04 08:31:55 INFO  .:166 - In Test Scenario CreateUser the method createUser execution status is :Pass
2021-11-04 08:31:55 INFO  .:131 - The execution of method deleteUser started here ...
2021-11-04 08:32:04 INFO  .:147 - The execution of method deleteUser ended here ...
2021-11-04 08:32:04 INFO  .:166 - In Test Scenario CreateUser the method deleteUser execution status is :Pass
2021-11-04 08:32:05 INFO  .:76 - The execution of method logout started here ...
2021-11-04 08:32:09 INFO  .:88 - The execution of method logout ended here ...
2021-11-04 08:32:09 INFO  .:166 - In Test Scenario CreateUser the method logout execution status is :Pass
2021-11-04 08:32:09 INFO  .:121 - The execution of method closeApplication started here ...
2021-11-04 08:32:09 INFO  .:124 - The execution of method closeApplication ended here ...
2021-11-04 08:32:09 INFO  .:166 - In Test Scenario CreateUser the method closeApplication execution status is :Pass
2021-11-04 08:32:09 INFO  .:180 - +++++++++++++++++++++++++++++++
2021-11-04 08:32:11 INFO  .:86 - The execution of method navigate started here ...
2021-11-04 08:32:18 INFO  .:98 - The execution of method navigate ended here ...
2021-11-04 08:32:18 INFO  .:166 - In Test Scenario ModifyUser the method navigate execution status is :Pass
2021-11-04 08:32:18 INFO  .:32 - The execution of method login started here ...
2021-11-04 08:32:23 INFO  .:50 - The execution of method login ended here ...
2021-11-04 08:32:23 INFO  .:166 - In Test Scenario ModifyUser the method login execution status is :Pass
2021-11-04 08:32:26 INFO  .:166 - In Test Scenario ModifyUser the method minimizeFlyOutWindow execution status is :Pass
2021-11-04 08:32:26 INFO  .:32 - The execution of method createUser started here ...
2021-11-04 08:32:37 INFO  .:60 - The execution of method createUser ended here ...
2021-11-04 08:32:37 INFO  .:166 - In Test Scenario ModifyUser the method createUser execution status is :Pass
2021-11-04 08:32:37 INFO  .:86 - The execution of method modifyUser started here ...
2021-11-04 08:32:46 INFO  .:106 - The execution of method modifyUser ended here ...
2021-11-04 08:32:46 INFO  .:166 - In Test Scenario ModifyUser the method modifyUser execution status is :Fail
2021-11-04 08:32:46 INFO  .:131 - The execution of method deleteUser started here ...
2021-11-04 08:32:55 INFO  .:147 - The execution of method deleteUser ended here ...
2021-11-04 08:32:55 INFO  .:166 - In Test Scenario ModifyUser the method deleteUser execution status is :Pass
2021-11-04 08:32:55 INFO  .:76 - The execution of method logout started here ...
2021-11-04 08:33:00 INFO  .:88 - The execution of method logout ended here ...
2021-11-04 08:33:00 INFO  .:166 - In Test Scenario ModifyUser the method logout execution status is :Pass
2021-11-04 08:33:00 INFO  .:121 - The execution of method closeApplication started here ...
2021-11-04 08:33:01 INFO  .:124 - The execution of method closeApplication ended here ...
2021-11-04 08:33:01 INFO  .:166 - In Test Scenario ModifyUser the method closeApplication execution status is :Pass
2021-11-04 08:33:01 INFO  .:180 - +++++++++++++++++++++++++++++++
2021-11-04 08:33:01 INFO  .:180 - +++++++++++++++++++++++++++++++
2021-11-04 08:33:01 INFO  .:180 - +++++++++++++++++++++++++++++++
2021-11-04 08:33:01 INFO  .:180 - +++++++++++++++++++++++++++++++
2021-11-04 08:33:01 INFO  .:180 - +++++++++++++++++++++++++++++++
2021-11-04 08:33:01 INFO  .:183 - The execution of method executeTestScenarios ended here ...
2021-11-04 08:33:01 INFO  .:205 - The execution of method endAutomationSuite ended here ...
2021-11-04 08:33:01 INFO  .:208 - The execution of method endAutomationSuite ended here ...
2021-11-06 21:25:01 INFO  .:69 - The execution of method loadFiles started here ...
2021-11-06 21:25:01 INFO  .:84 - The execution of method loadFiles ended here ...
2021-11-06 21:25:06 INFO  .:86 - The execution of method navigate started here ...
2021-11-06 21:25:13 ERROR .:101 - there is an exception arised during the execution of the method navigate,The Exception :org.openqa.selenium.WebDriverException: unknown error: cannot determine loading status
from disconnected: received Inspector.detached event
  (Session info: chrome=95.0.4638.69)
Build info: version: '3.141.59', revision: 'e82be7d358', time: '2018-11-14T08:17:03'
System info: host: 'DESKTOP-D52JS8G', ip: '192.168.1.8', os.name: 'Windows 10', os.arch: 'amd64', os.version: '10.0', java.version: '1.8.0_311'
Driver info: org.openqa.selenium.chrome.ChromeDriver
Capabilities {acceptInsecureCerts: false, browserName: chrome, browserVersion: 95.0.4638.69, chrome: {chromedriverVersion: 94.0.4606.61 (418b78f5838ed..., userDataDir: C:\Users\Admin\AppData\Loca...}, goog:chromeOptions: {debuggerAddress: localhost:54905}, javascriptEnabled: true, networkConnectionEnabled: false, pageLoadStrategy: normal, platform: WINDOWS, platformName: WINDOWS, proxy: Proxy(), setWindowRect: true, strictFileInteractability: false, timeouts: {implicit: 0, pageLoad: 300000, script: 30000}, unhandledPromptBehavior: dismiss and notify, webauthn:extension:credBlob: true, webauthn:extension:largeBlob: true, webauthn:virtualAuthenticators: true}
Session ID: b81b40fee5d05e90b98f36d250d6c71d
2021-11-06 21:25:25 INFO  .:166 - In Test Scenario Login the method navigate execution status is :Fail
2021-11-06 21:25:25 INFO  .:32 - The execution of method login started here ...
2021-11-06 21:25:38 ERROR .:53 - there is an exception arised during the execution of the method login,The Exception :org.openqa.selenium.WebDriverException: chrome not reachable
  (Session info: chrome=95.0.4638.69)
Build info: version: '3.141.59', revision: 'e82be7d358', time: '2018-11-14T08:17:03'
System info: host: 'DESKTOP-D52JS8G', ip: '192.168.1.8', os.name: 'Windows 10', os.arch: 'amd64', os.version: '10.0', java.version: '1.8.0_311'
Driver info: org.openqa.selenium.chrome.ChromeDriver
Capabilities {acceptInsecureCerts: false, browserName: chrome, browserVersion: 95.0.4638.69, chrome: {chromedriverVersion: 94.0.4606.61 (418b78f5838ed..., userDataDir: C:\Users\Admin\AppData\Loca...}, goog:chromeOptions: {debuggerAddress: localhost:54905}, javascriptEnabled: true, networkConnectionEnabled: false, pageLoadStrategy: normal, platform: WINDOWS, platformName: WINDOWS, proxy: Proxy(), setWindowRect: true, strictFileInteractability: false, timeouts: {implicit: 0, pageLoad: 300000, script: 30000}, unhandledPromptBehavior: dismiss and notify, webauthn:extension:credBlob: true, webauthn:extension:largeBlob: true, webauthn:virtualAuthenticators: true}
Session ID: b81b40fee5d05e90b98f36d250d6c71d
*** Element info: {Using=id, value=username}
2021-11-06 21:25:50 INFO  .:166 - In Test Scenario Login the method login execution status is :Fail
2021-11-06 21:26:15 INFO  .:166 - In Test Scenario Login the method minimizeFlyOutWindow execution status is :Fail
2021-11-06 21:26:15 INFO  .:76 - The execution of method logout started here ...
2021-11-06 21:26:23 ERROR .:91 - there is an exception arised during the execution of the method logout,The Exception :org.openqa.selenium.WebDriverException: chrome not reachable
  (Session info: chrome=95.0.4638.69)
Build info: version: '3.141.59', revision: 'e82be7d358', time: '2018-11-14T08:17:03'
System info: host: 'DESKTOP-D52JS8G', ip: '192.168.1.8', os.name: 'Windows 10', os.arch: 'amd64', os.version: '10.0', java.version: '1.8.0_311'
Driver info: org.openqa.selenium.chrome.ChromeDriver
Capabilities {acceptInsecureCerts: false, browserName: chrome, browserVersion: 95.0.4638.69, chrome: {chromedriverVersion: 94.0.4606.61 (418b78f5838ed..., userDataDir: C:\Users\Admin\AppData\Loca...}, goog:chromeOptions: {debuggerAddress: localhost:54905}, javascriptEnabled: true, networkConnectionEnabled: false, pageLoadStrategy: normal, platform: WINDOWS, platformName: WINDOWS, proxy: Proxy(), setWindowRect: true, strictFileInteractability: false, timeouts: {implicit: 0, pageLoad: 300000, script: 30000}, unhandledPromptBehavior: dismiss and notify, webauthn:extension:credBlob: true, webauthn:extension:largeBlob: true, webauthn:virtualAuthenticators: true}
Session ID: b81b40fee5d05e90b98f36d250d6c71d
*** Element info: {Using=xpath, value=//a[text()='Logout']}
2021-11-06 21:26:35 INFO  .:166 - In Test Scenario Login the method logout execution status is :Fail
2021-11-06 21:26:36 INFO  .:121 - The execution of method closeApplication started here ...
2021-11-06 21:26:36 INFO  .:69 - The execution of method loadFiles started here ...
2021-11-06 21:26:36 INFO  .:84 - The execution of method loadFiles ended here ...
2021-11-06 21:26:40 ERROR .:127 - there is an exception arised during the execution of the method closeApplication,The Exception :org.openqa.selenium.WebDriverException: chrome not reachable
  (Session info: chrome=95.0.4638.69)
Build info: version: '3.141.59', revision: 'e82be7d358', time: '2018-11-14T08:17:03'
System info: host: 'DESKTOP-D52JS8G', ip: '192.168.1.8', os.name: 'Windows 10', os.arch: 'amd64', os.version: '10.0', java.version: '1.8.0_311'
Driver info: org.openqa.selenium.chrome.ChromeDriver
Capabilities {acceptInsecureCerts: false, browserName: chrome, browserVersion: 95.0.4638.69, chrome: {chromedriverVersion: 94.0.4606.61 (418b78f5838ed..., userDataDir: C:\Users\Admin\AppData\Loca...}, goog:chromeOptions: {debuggerAddress: localhost:54905}, javascriptEnabled: true, networkConnectionEnabled: false, pageLoadStrategy: normal, platform: WINDOWS, platformName: WINDOWS, proxy: Proxy(), setWindowRect: true, strictFileInteractability: false, timeouts: {implicit: 0, pageLoad: 300000, script: 30000}, unhandledPromptBehavior: dismiss and notify, webauthn:extension:credBlob: true, webauthn:extension:largeBlob: true, webauthn:virtualAuthenticators: true}
Session ID: b81b40fee5d05e90b98f36d250d6c71d
2021-11-06 21:26:41 INFO  .:86 - The execution of method navigate started here ...
2021-11-06 21:26:47 INFO  .:98 - The execution of method navigate ended here ...
2021-11-06 21:26:47 INFO  .:166 - In Test Scenario Login the method navigate execution status is :Pass
2021-11-06 21:26:48 INFO  .:32 - The execution of method login started here ...
2021-11-06 21:26:52 INFO  .:166 - In Test Scenario Login the method closeApplication execution status is :Fail
2021-11-06 21:26:52 INFO  .:180 - +++++++++++++++++++++++++++++++
2021-11-06 21:26:53 INFO  .:50 - The execution of method login ended here ...
2021-11-06 21:26:53 INFO  .:166 - In Test Scenario Login the method login execution status is :Pass
2021-11-06 21:26:55 INFO  .:86 - The execution of method navigate started here ...
2021-11-06 21:26:57 INFO  .:166 - In Test Scenario Login the method minimizeFlyOutWindow execution status is :Pass
2021-11-06 21:26:57 INFO  .:76 - The execution of method logout started here ...
2021-11-06 21:27:02 INFO  .:88 - The execution of method logout ended here ...
2021-11-06 21:27:02 INFO  .:166 - In Test Scenario Login the method logout execution status is :Pass
2021-11-06 21:27:02 INFO  .:121 - The execution of method closeApplication started here ...
2021-11-06 21:27:02 INFO  .:124 - The execution of method closeApplication ended here ...
2021-11-06 21:27:02 INFO  .:166 - In Test Scenario Login the method closeApplication execution status is :Pass
2021-11-06 21:27:02 INFO  .:180 - +++++++++++++++++++++++++++++++
2021-11-06 21:27:02 INFO  .:98 - The execution of method navigate ended here ...
2021-11-06 21:27:02 INFO  .:166 - In Test Scenario CreateUser the method navigate execution status is :Pass
2021-11-06 21:27:03 INFO  .:32 - The execution of method login started here ...
2021-11-06 21:27:05 INFO  .:86 - The execution of method navigate started here ...
2021-11-06 21:27:08 INFO  .:50 - The execution of method login ended here ...
2021-11-06 21:27:08 INFO  .:166 - In Test Scenario CreateUser the method login execution status is :Pass
2021-11-06 21:27:11 INFO  .:166 - In Test Scenario CreateUser the method minimizeFlyOutWindow execution status is :Pass
2021-11-06 21:27:11 INFO  .:32 - The execution of method createUser started here ...
2021-11-06 21:27:14 INFO  .:98 - The execution of method navigate ended here ...
2021-11-06 21:27:14 INFO  .:166 - In Test Scenario CreateUser the method navigate execution status is :Pass
2021-11-06 21:27:14 INFO  .:32 - The execution of method login started here ...
2021-11-06 21:27:20 INFO  .:50 - The execution of method login ended here ...
2021-11-06 21:27:20 INFO  .:166 - In Test Scenario CreateUser the method login execution status is :Pass
2021-11-06 21:27:22 INFO  .:166 - In Test Scenario CreateUser the method minimizeFlyOutWindow execution status is :Pass
2021-11-06 21:27:22 INFO  .:32 - The execution of method createUser started here ...
2021-11-06 21:27:23 INFO  .:60 - The execution of method createUser ended here ...
2021-11-06 21:27:23 INFO  .:166 - In Test Scenario CreateUser the method createUser execution status is :Pass
2021-11-06 21:27:23 INFO  .:131 - The execution of method deleteUser started here ...
2021-11-06 21:27:33 INFO  .:147 - The execution of method deleteUser ended here ...
2021-11-06 21:27:33 INFO  .:166 - In Test Scenario CreateUser the method deleteUser execution status is :Pass
2021-11-06 21:27:33 INFO  .:76 - The execution of method logout started here ...
2021-11-06 21:27:35 INFO  .:60 - The execution of method createUser ended here ...
2021-11-06 21:27:35 INFO  .:166 - In Test Scenario CreateUser the method createUser execution status is :Pass
2021-11-06 21:27:35 INFO  .:131 - The execution of method deleteUser started here ...
2021-11-06 21:27:37 INFO  .:88 - The execution of method logout ended here ...
2021-11-06 21:27:37 INFO  .:166 - In Test Scenario CreateUser the method logout execution status is :Pass
2021-11-06 21:27:38 INFO  .:121 - The execution of method closeApplication started here ...
2021-11-06 21:27:38 INFO  .:124 - The execution of method closeApplication ended here ...
2021-11-06 21:27:38 INFO  .:166 - In Test Scenario CreateUser the method closeApplication execution status is :Pass
2021-11-06 21:27:38 INFO  .:180 - +++++++++++++++++++++++++++++++
2021-11-06 21:27:40 INFO  .:86 - The execution of method navigate started here ...
2021-11-06 21:27:44 INFO  .:147 - The execution of method deleteUser ended here ...
2021-11-06 21:27:44 INFO  .:166 - In Test Scenario CreateUser the method deleteUser execution status is :Pass
2021-11-06 21:27:45 INFO  .:76 - The execution of method logout started here ...
2021-11-06 21:27:48 INFO  .:98 - The execution of method navigate ended here ...
2021-11-06 21:27:48 INFO  .:166 - In Test Scenario ModifyUser the method navigate execution status is :Pass
2021-11-06 21:27:48 INFO  .:32 - The execution of method login started here ...
2021-11-06 21:27:49 INFO  .:88 - The execution of method logout ended here ...
2021-11-06 21:27:49 INFO  .:166 - In Test Scenario CreateUser the method logout execution status is :Pass
2021-11-06 21:27:49 INFO  .:121 - The execution of method closeApplication started here ...
2021-11-06 21:27:54 INFO  .:124 - The execution of method closeApplication ended here ...
2021-11-06 21:27:54 INFO  .:166 - In Test Scenario CreateUser the method closeApplication execution status is :Pass
2021-11-06 21:27:54 INFO  .:180 - +++++++++++++++++++++++++++++++
2021-11-06 21:27:54 INFO  .:50 - The execution of method login ended here ...
2021-11-06 21:27:54 INFO  .:166 - In Test Scenario ModifyUser the method login execution status is :Pass
2021-11-06 21:27:56 INFO  .:86 - The execution of method navigate started here ...
2021-11-06 21:27:56 INFO  .:166 - In Test Scenario ModifyUser the method minimizeFlyOutWindow execution status is :Pass
2021-11-06 21:27:56 INFO  .:32 - The execution of method createUser started here ...
2021-11-06 21:28:03 INFO  .:98 - The execution of method navigate ended here ...
2021-11-06 21:28:03 INFO  .:166 - In Test Scenario ModifyUser the method navigate execution status is :Pass
2021-11-06 21:28:03 INFO  .:32 - The execution of method login started here ...
2021-11-06 21:28:09 INFO  .:50 - The execution of method login ended here ...
2021-11-06 21:28:09 INFO  .:166 - In Test Scenario ModifyUser the method login execution status is :Pass
2021-11-06 21:28:11 INFO  .:60 - The execution of method createUser ended here ...
2021-11-06 21:28:11 INFO  .:166 - In Test Scenario ModifyUser the method createUser execution status is :Pass
2021-11-06 21:28:11 INFO  .:166 - In Test Scenario ModifyUser the method minimizeFlyOutWindow execution status is :Pass
2021-11-06 21:28:11 INFO  .:86 - The execution of method modifyUser started here ...
2021-11-06 21:28:11 INFO  .:32 - The execution of method createUser started here ...
2021-11-06 21:28:21 INFO  .:106 - The execution of method modifyUser ended here ...
2021-11-06 21:28:21 INFO  .:166 - In Test Scenario ModifyUser the method modifyUser execution status is :Fail
2021-11-06 21:28:21 INFO  .:131 - The execution of method deleteUser started here ...
2021-11-06 21:28:23 INFO  .:60 - The execution of method createUser ended here ...
2021-11-06 21:28:23 INFO  .:166 - In Test Scenario ModifyUser the method createUser execution status is :Pass
2021-11-06 21:28:23 INFO  .:86 - The execution of method modifyUser started here ...
2021-11-06 21:28:24 ERROR .:109 - there is an exception arised during the execution of the method modifyUser,The Exception :org.openqa.selenium.ElementClickInterceptedException: element click intercepted: Element <span class="userNameSpan">...</span> is not clickable at point (207, 305). Other element would receive the click: <img src="/img/default/dialogs/exitconfirm/shade.png?hash=1388610907" id="muar" style="display: block;">
  (Session info: chrome=95.0.4638.69)
Build info: version: '3.141.59', revision: 'e82be7d358', time: '2018-11-14T08:17:03'
System info: host: 'DESKTOP-D52JS8G', ip: '192.168.1.8', os.name: 'Windows 10', os.arch: 'amd64', os.version: '10.0', java.version: '1.8.0_311'
Driver info: org.openqa.selenium.chrome.ChromeDriver
Capabilities {acceptInsecureCerts: false, browserName: chrome, browserVersion: 95.0.4638.69, chrome: {chromedriverVersion: 94.0.4606.61 (418b78f5838ed..., userDataDir: C:\Users\Admin\AppData\Loca...}, goog:chromeOptions: {debuggerAddress: localhost:50031}, javascriptEnabled: true, networkConnectionEnabled: false, pageLoadStrategy: normal, platform: WINDOWS, platformName: WINDOWS, proxy: Proxy(), setWindowRect: true, strictFileInteractability: false, timeouts: {implicit: 0, pageLoad: 300000, script: 30000}, unhandledPromptBehavior: dismiss and notify, webauthn:extension:credBlob: true, webauthn:extension:largeBlob: true, webauthn:virtualAuthenticators: true}
Session ID: 2d938a5ded706ae35bb9a61a58fef51f
2021-11-06 21:28:24 INFO  .:166 - In Test Scenario ModifyUser the method modifyUser execution status is :Fail
2021-11-06 21:28:25 INFO  .:131 - The execution of method deleteUser started here ...
2021-11-06 21:28:26 ERROR .:150 - there is an exception arised during the execution of the method deleteUser,The Exception :org.openqa.selenium.ElementClickInterceptedException: element click intercepted: Element <span class="userNameSpan">...</span> is not clickable at point (207, 305). Other element would receive the click: <img src="/img/default/dialogs/exitconfirm/shade.png?hash=1388610907" id="muar" style="display: block;">
  (Session info: chrome=95.0.4638.69)
Build info: version: '3.141.59', revision: 'e82be7d358', time: '2018-11-14T08:17:03'
System info: host: 'DESKTOP-D52JS8G', ip: '192.168.1.8', os.name: 'Windows 10', os.arch: 'amd64', os.version: '10.0', java.version: '1.8.0_311'
Driver info: org.openqa.selenium.chrome.ChromeDriver
Capabilities {acceptInsecureCerts: false, browserName: chrome, browserVersion: 95.0.4638.69, chrome: {chromedriverVersion: 94.0.4606.61 (418b78f5838ed..., userDataDir: C:\Users\Admin\AppData\Loca...}, goog:chromeOptions: {debuggerAddress: localhost:50031}, javascriptEnabled: true, networkConnectionEnabled: false, pageLoadStrategy: normal, platform: WINDOWS, platformName: WINDOWS, proxy: Proxy(), setWindowRect: true, strictFileInteractability: false, timeouts: {implicit: 0, pageLoad: 300000, script: 30000}, unhandledPromptBehavior: dismiss and notify, webauthn:extension:credBlob: true, webauthn:extension:largeBlob: true, webauthn:virtualAuthenticators: true}
Session ID: 2d938a5ded706ae35bb9a61a58fef51f
2021-11-06 21:28:26 INFO  .:166 - In Test Scenario ModifyUser the method deleteUser execution status is :Fail
2021-11-06 21:28:26 INFO  .:76 - The execution of method logout started here ...
2021-11-06 21:28:27 ERROR .:91 - there is an exception arised during the execution of the method logout,The Exception :org.openqa.selenium.ElementClickInterceptedException: element click intercepted: Element <a href="/logout.do" id="logoutLink" class="logout">...</a> is not clickable at point (1309, 7). Other element would receive the click: <img src="/img/default/dialogs/exitconfirm/shade.png?hash=1388610907" id="muar" style="display: block;">
  (Session info: chrome=95.0.4638.69)
Build info: version: '3.141.59', revision: 'e82be7d358', time: '2018-11-14T08:17:03'
System info: host: 'DESKTOP-D52JS8G', ip: '192.168.1.8', os.name: 'Windows 10', os.arch: 'amd64', os.version: '10.0', java.version: '1.8.0_311'
Driver info: org.openqa.selenium.chrome.ChromeDriver
Capabilities {acceptInsecureCerts: false, browserName: chrome, browserVersion: 95.0.4638.69, chrome: {chromedriverVersion: 94.0.4606.61 (418b78f5838ed..., userDataDir: C:\Users\Admin\AppData\Loca...}, goog:chromeOptions: {debuggerAddress: localhost:50031}, javascriptEnabled: true, networkConnectionEnabled: false, pageLoadStrategy: normal, platform: WINDOWS, platformName: WINDOWS, proxy: Proxy(), setWindowRect: true, strictFileInteractability: false, timeouts: {implicit: 0, pageLoad: 300000, script: 30000}, unhandledPromptBehavior: dismiss and notify, webauthn:extension:credBlob: true, webauthn:extension:largeBlob: true, webauthn:virtualAuthenticators: true}
Session ID: 2d938a5ded706ae35bb9a61a58fef51f
2021-11-06 21:28:27 INFO  .:166 - In Test Scenario ModifyUser the method logout execution status is :Fail
2021-11-06 21:28:27 INFO  .:121 - The execution of method closeApplication started here ...
2021-11-06 21:28:31 INFO  .:147 - The execution of method deleteUser ended here ...
2021-11-06 21:28:31 INFO  .:166 - In Test Scenario ModifyUser the method deleteUser execution status is :Pass
2021-11-06 21:28:31 INFO  .:76 - The execution of method logout started here ...
2021-11-06 21:28:32 INFO  .:124 - The execution of method closeApplication ended here ...
2021-11-06 21:28:32 INFO  .:166 - In Test Scenario ModifyUser the method closeApplication execution status is :Pass
2021-11-06 21:28:32 INFO  .:180 - +++++++++++++++++++++++++++++++
2021-11-06 21:28:32 INFO  .:180 - +++++++++++++++++++++++++++++++
2021-11-06 21:28:32 INFO  .:180 - +++++++++++++++++++++++++++++++
2021-11-06 21:28:32 INFO  .:180 - +++++++++++++++++++++++++++++++
2021-11-06 21:28:32 INFO  .:180 - +++++++++++++++++++++++++++++++
2021-11-06 21:28:32 INFO  .:183 - The execution of method executeTestScenarios ended here ...
2021-11-06 21:28:32 INFO  .:205 - The execution of method endAutomationSuite ended here ...
2021-11-06 21:28:32 INFO  .:208 - The execution of method endAutomationSuite ended here ...
2021-11-06 21:28:36 INFO  .:88 - The execution of method logout ended here ...
2021-11-06 21:28:36 INFO  .:166 - In Test Scenario ModifyUser the method logout execution status is :Pass
2021-11-06 21:28:36 INFO  .:121 - The execution of method closeApplication started here ...
2021-11-06 21:28:36 INFO  .:124 - The execution of method closeApplication ended here ...
2021-11-06 21:28:36 INFO  .:166 - In Test Scenario ModifyUser the method closeApplication execution status is :Pass
2021-11-06 21:28:36 INFO  .:180 - +++++++++++++++++++++++++++++++
2021-11-06 21:28:36 INFO  .:180 - +++++++++++++++++++++++++++++++
2021-11-06 21:28:36 INFO  .:180 - +++++++++++++++++++++++++++++++
2021-11-06 21:28:36 INFO  .:180 - +++++++++++++++++++++++++++++++
2021-11-06 21:28:36 INFO  .:180 - +++++++++++++++++++++++++++++++
2021-11-06 21:28:36 INFO  .:183 - The execution of method executeTestScenarios ended here ...
2021-11-06 21:28:36 INFO  .:205 - The execution of method endAutomationSuite ended here ...
2021-11-06 21:28:36 INFO  .:208 - The execution of method endAutomationSuite ended here ...
